2025-09-22T00:05:00Z [INFO] Embedding batch completed
2025-09-22T00:19:00Z [INFO] Failed to process document: timeout
2025-09-22T00:19:00Z [INFO] Index optimization triggered
2025-09-22T00:27:00Z [INFO] Failed to process document: timeout
2025-09-22T00:38:00Z [INFO] Rate limit warning: approaching threshold
2025-09-22T00:41:00Z [INFO] Embedding batch completed
2025-09-22T00:55:00Z [INFO] Cache miss for document lookup
2025-09-22T00:59:00Z [INFO] Failed to process document: timeout
2025-09-22T01:05:00Z [WARN] Embedding batch completed
2025-09-22T01:11:00Z [ERROR] Cache miss for document lookup
2025-09-22T01:36:00Z [ERROR] Request processed successfully
2025-09-22T01:38:00Z [ERROR] Index optimization triggered
2025-09-22T01:45:00Z [INFO] Database connection recycled
2025-09-22T02:33:00Z [INFO] Failed to process document: timeout
2025-09-22T02:42:00Z [WARN] Rate limit warning: approaching threshold
2025-09-22T02:50:00Z [INFO] Rate limit warning: approaching threshold
2025-09-22T02:55:00Z [ERROR] Failed to process document: timeout
2025-09-22T02:56:00Z [ERROR] Index optimization triggered
2025-09-22T02:57:00Z [WARN] Cache miss for document lookup
2025-09-22T03:07:00Z [ERROR] Cache miss for document lookup
2025-09-22T03:08:00Z [INFO] Database connection recycled
2025-09-22T03:20:00Z [ERROR] Embedding batch completed
2025-09-22T03:23:00Z [INFO] Request processed successfully
2025-09-22T03:24:00Z [INFO] Health check passed
2025-09-22T03:38:00Z [INFO] Cache miss for document lookup
2025-09-22T04:11:00Z [INFO] Rate limit warning: approaching threshold
2025-09-22T04:15:00Z [WARN] Request processed successfully
2025-09-22T04:19:00Z [INFO] Failed to process document: timeout
2025-09-22T04:19:00Z [WARN] Request processed successfully
2025-09-22T04:42:00Z [INFO] Index optimization triggered
2025-09-22T04:42:00Z [INFO] Rate limit warning: approaching threshold
2025-09-22T04:54:00Z [INFO] Rate limit warning: approaching threshold
2025-09-22T05:04:00Z [INFO] Database connection recycled
2025-09-22T05:06:00Z [ERROR] Database connection recycled
2025-09-22T05:09:00Z [ERROR] Cache miss for document lookup
2025-09-22T05:24:00Z [INFO] Index optimization triggered
2025-09-22T05:25:00Z [INFO] Rate limit warning: approaching threshold
2025-09-22T05:34:00Z [WARN] Health check passed
2025-09-22T05:45:00Z [INFO] Rate limit warning: approaching threshold
2025-09-22T05:50:00Z [WARN] Index optimization triggered
2025-09-22T05:56:00Z [INFO] Rate limit warning: approaching threshold
2025-09-22T05:57:00Z [INFO] Health check passed
2025-09-22T05:59:00Z [INFO] Health check passed
2025-09-22T06:02:00Z [INFO] Rate limit warning: approaching threshold
2025-09-22T06:31:00Z [INFO] Cache miss for document lookup
2025-09-22T06:53:00Z [INFO] Embedding batch completed
2025-09-22T07:20:00Z [ERROR] Index optimization triggered
2025-09-22T07:21:00Z [INFO] Failed to process document: timeout
2025-09-22T07:23:00Z [INFO] Embedding batch completed
2025-09-22T07:28:00Z [INFO] Health check passed
2025-09-22T07:30:00Z [INFO] Health check passed
2025-09-22T07:36:00Z [INFO] Embedding batch completed
2025-09-22T07:38:00Z [ERROR] Database connection recycled
2025-09-22T07:40:00Z [INFO] Request processed successfully
2025-09-22T07:42:00Z [WARN] Database connection recycled
2025-09-22T07:44:00Z [INFO] Rate limit warning: approaching threshold
2025-09-22T07:52:00Z [INFO] Failed to process document: timeout
2025-09-22T08:00:00Z [ERROR] Database connection recycled
2025-09-22T08:07:00Z [INFO] Index optimization triggered
2025-09-22T08:09:00Z [ERROR] Database connection recycled
2025-09-22T08:14:00Z [WARN] Cache miss for document lookup
2025-09-22T08:18:00Z [INFO] Index optimization triggered
2025-09-22T08:22:00Z [INFO] Index optimization triggered
2025-09-22T08:26:00Z [INFO] Failed to process document: timeout
2025-09-22T08:54:00Z [INFO] Database connection recycled
2025-09-22T09:01:00Z [INFO] Rate limit warning: approaching threshold
2025-09-22T09:17:00Z [INFO] Request processed successfully
2025-09-22T09:26:00Z [WARN] Database connection recycled
2025-09-22T09:30:00Z [WARN] Health check passed
2025-09-22T09:34:00Z [ERROR] Embedding batch completed
2025-09-22T09:35:00Z [INFO] Failed to process document: timeout
2025-09-22T09:53:00Z [INFO] Failed to process document: timeout
2025-09-22T09:54:00Z [INFO] Rate limit warning: approaching threshold
2025-09-22T09:57:00Z [INFO] Embedding batch completed
2025-09-22T10:10:00Z [WARN] Cache miss for document lookup
2025-09-22T10:22:00Z [INFO] Embedding batch completed
2025-09-22T10:24:00Z [INFO] Embedding batch completed
2025-09-22T10:29:00Z [ERROR] Request processed successfully
2025-09-22T10:34:00Z [INFO] Request processed successfully
2025-09-22T10:36:00Z [INFO] Rate limit warning: approaching threshold
2025-09-22T10:40:00Z [ERROR] Database connection recycled
2025-09-22T10:51:00Z [INFO] Cache miss for document lookup
2025-09-22T10:51:00Z [INFO] Failed to process document: timeout
2025-09-22T11:01:00Z [WARN] Cache miss for document lookup
2025-09-22T11:02:00Z [WARN] Index optimization triggered
2025-09-22T11:03:00Z [INFO] Cache miss for document lookup
2025-09-22T11:15:00Z [ERROR] Health check passed
2025-09-22T11:23:00Z [INFO] Embedding batch completed
2025-09-22T11:27:00Z [WARN] Cache miss for document lookup
2025-09-22T11:36:00Z [INFO] Request processed successfully
2025-09-22T11:45:00Z [INFO] Database connection recycled
2025-09-22T11:54:00Z [INFO] Failed to process document: timeout
2025-09-22T12:00:00Z [WARN] Failed to process document: timeout
2025-09-22T12:05:00Z [WARN] Index optimization triggered
2025-09-22T12:09:00Z [INFO] Request processed successfully
2025-09-22T12:18:00Z [WARN] Embedding batch completed
2025-09-22T12:34:00Z [INFO] Health check passed
2025-09-22T12:37:00Z [INFO] Embedding batch completed
2025-09-22T12:46:00Z [WARN] Failed to process document: timeout
2025-09-22T12:48:00Z [INFO] Cache miss for document lookup
2025-09-22T12:48:00Z [INFO] Health check passed
2025-09-22T12:52:00Z [INFO] Rate limit warning: approaching threshold
2025-09-22T12:53:00Z [WARN] Rate limit warning: approaching threshold
2025-09-22T12:54:00Z [INFO] Failed to process document: timeout
2025-09-22T12:54:00Z [INFO] Request processed successfully
2025-09-22T12:58:00Z [ERROR] Rate limit warning: approaching threshold
2025-09-22T13:09:00Z [ERROR] Health check passed
2025-09-22T13:13:00Z [INFO] Embedding batch completed
2025-09-22T13:18:00Z [WARN] Index optimization triggered
2025-09-22T13:28:00Z [INFO] Embedding batch completed
2025-09-22T13:37:00Z [INFO] Embedding batch completed
2025-09-22T13:38:00Z [INFO] Cache miss for document lookup
2025-09-22T14:09:00Z [ERROR] Request processed successfully
2025-09-22T14:17:00Z [INFO] Database connection recycled
2025-09-22T14:25:00Z [INFO] Cache miss for document lookup
2025-09-22T14:27:00Z [ERROR] Health check passed
2025-09-22T14:37:00Z [INFO] Health check passed
2025-09-22T14:43:00Z [INFO] Index optimization triggered
2025-09-22T14:52:00Z [INFO] Failed to process document: timeout
2025-09-22T14:59:00Z [WARN] Rate limit warning: approaching threshold
2025-09-22T15:18:00Z [ERROR] Failed to process document: timeout
2025-09-22T15:22:00Z [WARN] Embedding batch completed
2025-09-22T15:23:00Z [INFO] Rate limit warning: approaching threshold
2025-09-22T15:24:00Z [INFO] Index optimization triggered
2025-09-22T15:27:00Z [INFO] Embedding batch completed
2025-09-22T15:40:00Z [WARN] Rate limit warning: approaching threshold
2025-09-22T15:43:00Z [WARN] Failed to process document: timeout
2025-09-22T16:05:00Z [WARN] Rate limit warning: approaching threshold
2025-09-22T16:08:00Z [ERROR] Failed to process document: timeout
2025-09-22T16:16:00Z [ERROR] Failed to process document: timeout
2025-09-22T16:20:00Z [WARN] Rate limit warning: approaching threshold
2025-09-22T16:32:00Z [INFO] Database connection recycled
2025-09-22T16:39:00Z [ERROR] Request processed successfully
2025-09-22T16:42:00Z [INFO] Rate limit warning: approaching threshold
2025-09-22T16:47:00Z [INFO] Rate limit warning: approaching threshold
2025-09-22T16:52:00Z [WARN] Cache miss for document lookup
2025-09-22T16:54:00Z [ERROR] Embedding batch completed
2025-09-22T16:55:00Z [INFO] Embedding batch completed
2025-09-22T16:56:00Z [WARN] Request processed successfully
2025-09-22T16:59:00Z [INFO] Failed to process document: timeout
2025-09-22T17:02:00Z [INFO] Failed to process document: timeout
2025-09-22T17:03:00Z [ERROR] Request processed successfully
2025-09-22T17:17:00Z [INFO] Cache miss for document lookup
2025-09-22T17:35:00Z [INFO] Request processed successfully
2025-09-22T17:54:00Z [INFO] Database connection recycled
2025-09-22T17:56:00Z [INFO] Index optimization triggered
2025-09-22T18:03:00Z [INFO] Database connection recycled
2025-09-22T18:16:00Z [INFO] Embedding batch completed
2025-09-22T18:20:00Z [INFO] Cache miss for document lookup
2025-09-22T18:37:00Z [INFO] Database connection recycled
2025-09-22T18:44:00Z [INFO] Health check passed
2025-09-22T18:58:00Z [INFO] Request processed successfully
2025-09-22T19:21:00Z [INFO] Failed to process document: timeout
2025-09-22T19:40:00Z [INFO] Health check passed
2025-09-22T19:49:00Z [WARN] Rate limit warning: approaching threshold
2025-09-22T20:00:00Z [WARN] Embedding batch completed
2025-09-22T20:02:00Z [INFO] Health check passed
2025-09-22T20:14:00Z [INFO] Index optimization triggered
2025-09-22T20:22:00Z [ERROR] Health check passed
2025-09-22T20:27:00Z [INFO] Failed to process document: timeout
2025-09-22T20:36:00Z [INFO] Cache miss for document lookup
2025-09-22T20:40:00Z [WARN] Request processed successfully
2025-09-22T20:56:00Z [ERROR] Database connection recycled
2025-09-22T21:25:00Z [INFO] Cache miss for document lookup
2025-09-22T21:46:00Z [ERROR] Rate limit warning: approaching threshold
2025-09-22T21:50:00Z [INFO] Database connection recycled
2025-09-22T21:56:00Z [INFO] Cache miss for document lookup
2025-09-22T21:58:00Z [INFO] Health check passed
2025-09-22T21:58:00Z [WARN] Health check passed
2025-09-22T22:15:00Z [ERROR] Request processed successfully
2025-09-22T22:16:00Z [INFO] Database connection recycled
2025-09-22T22:21:00Z [ERROR] Embedding batch completed
2025-09-22T22:21:00Z [INFO] Database connection recycled
2025-09-22T22:23:00Z [INFO] Failed to process document: timeout
2025-09-22T22:28:00Z [INFO] Embedding batch completed
2025-09-22T22:29:00Z [ERROR] Rate limit warning: approaching threshold
2025-09-22T22:45:00Z [INFO] Cache miss for document lookup
2025-09-22T22:46:00Z [INFO] Index optimization triggered
2025-09-22T22:47:00Z [INFO] Failed to process document: timeout
2025-09-22T22:49:00Z [ERROR] Health check passed
2025-09-22T23:05:00Z [INFO] Index optimization triggered
2025-09-22T23:07:00Z [INFO] Database connection recycled
2025-09-22T23:17:00Z [INFO] Rate limit warning: approaching threshold
2025-09-22T23:18:00Z [INFO] Health check passed
2025-09-22T23:32:00Z [INFO] Index optimization triggered
2025-09-22T23:32:00Z [INFO] Request processed successfully
2025-09-22T23:36:00Z [WARN] Request processed successfully
2025-09-22T23:53:00Z [INFO] Index optimization triggered
