2025-09-15T00:08:00Z [INFO] Health check passed
2025-09-15T00:48:00Z [INFO] Request processed successfully
2025-09-15T00:48:00Z [WARN] Request processed successfully
2025-09-15T00:51:00Z [INFO] Database connection recycled
2025-09-15T00:51:00Z [INFO] Embedding batch completed
2025-09-15T01:16:00Z [WARN] Cache miss for document lookup
2025-09-15T01:21:00Z [ERROR] Database connection recycled
2025-09-15T01:50:00Z [ERROR] Request processed successfully
2025-09-15T01:55:00Z [WARN] Rate limit warning: approaching threshold
2025-09-15T01:57:00Z [INFO] Rate limit warning: approaching threshold
2025-09-15T01:59:00Z [INFO] Failed to process document: timeout
2025-09-15T02:10:00Z [WARN] Cache miss for document lookup
2025-09-15T02:52:00Z [ERROR] Health check passed
2025-09-15T02:55:00Z [ERROR] Failed to process document: timeout
2025-09-15T03:01:00Z [INFO] Cache miss for document lookup
2025-09-15T03:11:00Z [INFO] Rate limit warning: approaching threshold
2025-09-15T03:19:00Z [INFO] Database connection recycled
2025-09-15T03:40:00Z [INFO] Database connection recycled
2025-09-15T04:00:00Z [INFO] Cache miss for document lookup
2025-09-15T05:31:00Z [ERROR] Database connection recycled
2025-09-15T05:33:00Z [INFO] Database connection recycled
2025-09-15T06:13:00Z [WARN] Rate limit warning: approaching threshold
2025-09-15T06:29:00Z [ERROR] Health check passed
2025-09-15T06:34:00Z [INFO] Cache miss for document lookup
2025-09-15T07:05:00Z [WARN] Rate limit warning: approaching threshold
2025-09-15T07:06:00Z [INFO] Embedding batch completed
2025-09-15T07:09:00Z [INFO] Failed to process document: timeout
2025-09-15T07:10:00Z [INFO] Database connection recycled
2025-09-15T07:13:00Z [INFO] Health check passed
2025-09-15T07:22:00Z [INFO] Embedding batch completed
2025-09-15T07:44:00Z [INFO] Request processed successfully
2025-09-15T07:51:00Z [WARN] Health check passed
2025-09-15T08:08:00Z [INFO] Database connection recycled
2025-09-15T08:13:00Z [INFO] Failed to process document: timeout
2025-09-15T08:20:00Z [INFO] Health check passed
2025-09-15T09:30:00Z [INFO] Health check passed
2025-09-15T09:44:00Z [INFO] Cache miss for document lookup
2025-09-15T09:49:00Z [INFO] Health check passed
2025-09-15T09:49:00Z [WARN] Database connection recycled
2025-09-15T09:54:00Z [ERROR] Index optimization triggered
2025-09-15T09:57:00Z [INFO] Request processed successfully
2025-09-15T10:02:00Z [INFO] Failed to process document: timeout
2025-09-15T10:04:00Z [INFO] Database connection recycled
2025-09-15T10:41:00Z [ERROR] Rate limit warning: approaching threshold
2025-09-15T10:44:00Z [INFO] Rate limit warning: approaching threshold
2025-09-15T11:00:00Z [ERROR] Embedding batch completed
2025-09-15T11:17:00Z [INFO] Rate limit warning: approaching threshold
2025-09-15T11:22:00Z [INFO] Rate limit warning: approaching threshold
2025-09-15T11:33:00Z [INFO] Embedding batch completed
2025-09-15T11:37:00Z [WARN] Cache miss for document lookup
2025-09-15T11:52:00Z [INFO] Rate limit warning: approaching threshold
2025-09-15T11:57:00Z [INFO] Database connection recycled
2025-09-15T13:18:00Z [INFO] Failed to process document: timeout
2025-09-15T13:21:00Z [INFO] Database connection recycled
2025-09-15T13:45:00Z [INFO] Health check passed
2025-09-15T13:55:00Z [INFO] Health check passed
2025-09-15T14:09:00Z [WARN] Rate limit warning: approaching threshold
2025-09-15T14:21:00Z [ERROR] Embedding batch completed
2025-09-15T14:23:00Z [ERROR] Rate limit warning: approaching threshold
2025-09-15T14:54:00Z [INFO] Embedding batch completed
2025-09-15T15:07:00Z [WARN] Index optimization triggered
2025-09-15T15:14:00Z [ERROR] Request processed successfully
2025-09-15T15:21:00Z [ERROR] Database connection recycled
2025-09-15T16:38:00Z [INFO] Embedding batch completed
2025-09-15T17:35:00Z [INFO] Embedding batch completed
2025-09-15T17:41:00Z [INFO] Health check passed
2025-09-15T18:07:00Z [INFO] Rate limit warning: approaching threshold
2025-09-15T18:12:00Z [ERROR] Cache miss for document lookup
2025-09-15T18:13:00Z [INFO] Index optimization triggered
2025-09-15T18:22:00Z [INFO] Health check passed
2025-09-15T18:25:00Z [INFO] Cache miss for document lookup
2025-09-15T18:56:00Z [ERROR] Request processed successfully
2025-09-15T18:58:00Z [INFO] Failed to process document: timeout
2025-09-15T19:02:00Z [INFO] Health check passed
2025-09-15T19:06:00Z [INFO] Embedding batch completed
2025-09-15T19:11:00Z [ERROR] Rate limit warning: approaching threshold
2025-09-15T19:21:00Z [INFO] Request processed successfully
2025-09-15T19:43:00Z [ERROR] Embedding batch completed
2025-09-15T19:49:00Z [INFO] Rate limit warning: approaching threshold
2025-09-15T20:04:00Z [INFO] Index optimization triggered
2025-09-15T20:41:00Z [INFO] Cache miss for document lookup
2025-09-15T21:04:00Z [WARN] Cache miss for document lookup
2025-09-15T21:06:00Z [INFO] Rate limit warning: approaching threshold
2025-09-15T21:11:00Z [WARN] Index optimization triggered
2025-09-15T21:17:00Z [INFO] Database connection recycled
2025-09-15T21:52:00Z [WARN] Embedding batch completed
2025-09-15T22:00:00Z [INFO] Database connection recycled
2025-09-15T22:06:00Z [ERROR] Embedding batch completed
2025-09-15T22:27:00Z [INFO] Failed to process document: timeout
2025-09-15T22:31:00Z [INFO] Rate limit warning: approaching threshold
2025-09-15T22:33:00Z [INFO] Index optimization triggered
2025-09-15T22:34:00Z [WARN] Index optimization triggered
2025-09-15T22:53:00Z [INFO] Database connection recycled
2025-09-15T23:11:00Z [INFO] Health check passed
2025-09-15T23:28:00Z [ERROR] Cache miss for document lookup
2025-09-15T23:39:00Z [INFO] Database connection recycled
2025-09-15T23:40:00Z [WARN] Failed to process document: timeout
2025-09-15T23:44:00Z [INFO] Request processed successfully
