2025-09-08T00:44:00Z [ERROR] Database connection recycled
2025-09-08T01:07:00Z [INFO] Database connection recycled
2025-09-08T01:11:00Z [INFO] Embedding batch completed
2025-09-08T01:15:00Z [ERROR] Index optimization triggered
2025-09-08T01:25:00Z [INFO] Health check passed
2025-09-08T02:18:00Z [INFO] Rate limit warning: approaching threshold
2025-09-08T02:24:00Z [INFO] Database connection recycled
2025-09-08T02:28:00Z [INFO] Failed to process document: timeout
2025-09-08T02:31:00Z [INFO] Request processed successfully
2025-09-08T03:22:00Z [INFO] Database connection recycled
2025-09-08T03:25:00Z [INFO] Rate limit warning: approaching threshold
2025-09-08T03:47:00Z [INFO] Rate limit warning: approaching threshold
2025-09-08T04:03:00Z [ERROR] Database connection recycled
2025-09-08T04:15:00Z [INFO] Index optimization triggered
2025-09-08T04:22:00Z [INFO] Database connection recycled
2025-09-08T04:23:00Z [WARN] Failed to process document: timeout
2025-09-08T04:24:00Z [INFO] Failed to process document: timeout
2025-09-08T04:42:00Z [INFO] Failed to process document: timeout
2025-09-08T04:47:00Z [INFO] Embedding batch completed
2025-09-08T04:58:00Z [ERROR] Database connection recycled
2025-09-08T04:58:00Z [ERROR] Index optimization triggered
2025-09-08T05:17:00Z [INFO] Index optimization triggered
2025-09-08T05:37:00Z [ERROR] Health check passed
2025-09-08T05:39:00Z [INFO] Failed to process document: timeout
2025-09-08T06:00:00Z [INFO] Index optimization triggered
2025-09-08T06:31:00Z [ERROR] Database connection recycled
2025-09-08T07:07:00Z [ERROR] Request processed successfully
2025-09-08T07:08:00Z [INFO] Index optimization triggered
2025-09-08T07:10:00Z [INFO] Index optimization triggered
2025-09-08T07:27:00Z [INFO] Failed to process document: timeout
2025-09-08T07:34:00Z [INFO] Request processed successfully
2025-09-08T07:38:00Z [INFO] Database connection recycled
2025-09-08T08:12:00Z [INFO] Rate limit warning: approaching threshold
2025-09-08T08:13:00Z [INFO] Health check passed
2025-09-08T08:16:00Z [INFO] Health check passed
2025-09-08T09:00:00Z [INFO] Database connection recycled
2025-09-08T09:19:00Z [ERROR] Rate limit warning: approaching threshold
2025-09-08T09:32:00Z [INFO] Index optimization triggered
2025-09-08T09:38:00Z [INFO] Cache miss for document lookup
2025-09-08T09:41:00Z [INFO] Cache miss for document lookup
2025-09-08T09:44:00Z [WARN] Health check passed
2025-09-08T10:06:00Z [ERROR] Rate limit warning: approaching threshold
2025-09-08T10:29:00Z [ERROR] Embedding batch completed
2025-09-08T11:09:00Z [ERROR] Embedding batch completed
2025-09-08T11:16:00Z [INFO] Embedding batch completed
2025-09-08T11:16:00Z [WARN] Request processed successfully
2025-09-08T11:22:00Z [ERROR] Index optimization triggered
2025-09-08T11:30:00Z [WARN] Cache miss for document lookup
2025-09-08T11:32:00Z [ERROR] Health check passed
2025-09-08T11:59:00Z [INFO] Rate limit warning: approaching threshold
2025-09-08T12:05:00Z [INFO] Request processed successfully
2025-09-08T12:07:00Z [INFO] Request processed successfully
2025-09-08T12:20:00Z [WARN] Database connection recycled
2025-09-08T12:27:00Z [INFO] Database connection recycled
2025-09-08T12:30:00Z [INFO] Cache miss for document lookup
2025-09-08T12:41:00Z [WARN] Cache miss for document lookup
2025-09-08T13:08:00Z [WARN] Rate limit warning: approaching threshold
2025-09-08T13:42:00Z [INFO] Embedding batch completed
2025-09-08T13:52:00Z [INFO] Index optimization triggered
2025-09-08T13:57:00Z [ERROR] Index optimization triggered
2025-09-08T14:03:00Z [INFO] Rate limit warning: approaching threshold
2025-09-08T14:17:00Z [WARN] Rate limit warning: approaching threshold
2025-09-08T14:31:00Z [INFO] Database connection recycled
2025-09-08T14:43:00Z [WARN] Failed to process document: timeout
2025-09-08T14:53:00Z [INFO] Request processed successfully
2025-09-08T15:08:00Z [INFO] Health check passed
2025-09-08T15:22:00Z [INFO] Database connection recycled
2025-09-08T15:26:00Z [ERROR] Database connection recycled
2025-09-08T15:45:00Z [ERROR] Failed to process document: timeout
2025-09-08T15:47:00Z [INFO] Cache miss for document lookup
2025-09-08T16:23:00Z [WARN] Rate limit warning: approaching threshold
2025-09-08T16:30:00Z [INFO] Cache miss for document lookup
2025-09-08T16:59:00Z [INFO] Request processed successfully
2025-09-08T17:21:00Z [INFO] Index optimization triggered
2025-09-08T17:29:00Z [INFO] Health check passed
2025-09-08T17:30:00Z [INFO] Failed to process document: timeout
2025-09-08T17:53:00Z [ERROR] Health check passed
2025-09-08T18:10:00Z [INFO] Request processed successfully
2025-09-08T18:21:00Z [INFO] Health check passed
2025-09-08T19:04:00Z [ERROR] Cache miss for document lookup
2025-09-08T19:04:00Z [ERROR] Embedding batch completed
2025-09-08T19:07:00Z [INFO] Cache miss for document lookup
2025-09-08T19:39:00Z [ERROR] Failed to process document: timeout
2025-09-08T20:02:00Z [INFO] Rate limit warning: approaching threshold
2025-09-08T20:13:00Z [INFO] Embedding batch completed
2025-09-08T20:20:00Z [INFO] Failed to process document: timeout
2025-09-08T20:25:00Z [ERROR] Request processed successfully
2025-09-08T20:29:00Z [INFO] Index optimization triggered
2025-09-08T21:32:00Z [WARN] Index optimization triggered
2025-09-08T21:38:00Z [INFO] Cache miss for document lookup
2025-09-08T22:01:00Z [WARN] Index optimization triggered
2025-09-08T22:04:00Z [INFO] Cache miss for document lookup
2025-09-08T22:17:00Z [WARN] Database connection recycled
2025-09-08T22:23:00Z [INFO] Health check passed
2025-09-08T22:40:00Z [INFO] Cache miss for document lookup
2025-09-08T22:44:00Z [INFO] Index optimization triggered
2025-09-08T22:44:00Z [WARN] Rate limit warning: approaching threshold
2025-09-08T22:47:00Z [INFO] Embedding batch completed
2025-09-08T23:11:00Z [WARN] Failed to process document: timeout
2025-09-08T23:18:00Z [INFO] Database connection recycled
2025-09-08T23:32:00Z [INFO] Rate limit warning: approaching threshold
2025-09-08T23:55:00Z [INFO] Embedding batch completed
