2026-01-28 20:20:29,129 - watcher.adapters - INFO - Initialized Watcher for OS: Windows
2026-01-28 20:20:29,130 - IntelligentDocRef - INFO - Service Starting...
2026-01-28 20:20:29,130 - IntelligentDocRef - INFO - Performing Initial Scan...
2026-01-28 20:20:29,131 - core.scanner - INFO - Starting full scan
2026-01-28 20:20:29,161 - IntelligentDocRef - INFO - Queue Worker Started
2026-01-28 20:20:29,161 - IntelligentDocRef - INFO - Starting OS File Watcher...
2026-01-28 20:20:29,162 - watcher.adapters - INFO - Scheduling watcher for: C:\Users\ishan\OneDrive\Documents\Development\IntelligentDocRef\test_watch_folder
2026-01-28 20:20:29,190 - IntelligentDocRef - INFO - Processed UPDATE for C:\Users\ishan\OneDrive\Documents\Development\IntelligentDocRef\test_watch_folder\note.txt
2026-01-28 20:20:29,230 - IntelligentDocRef - INFO - Processed UPDATE for C:\Users\ishan\OneDrive\Documents\Development\IntelligentDocRef\test_watch_folder\test.txt
2026-01-28 20:21:18,528 - IntelligentDocRef - INFO - Stopping Service...
2026-01-28 20:23:35,786 - watcher.adapters - INFO - Initialized Watcher for OS: Windows
2026-01-28 20:23:35,787 - IntelligentDocRef - INFO - Service Starting...
2026-01-28 20:23:35,787 - IntelligentDocRef - INFO - Performing Initial Scan...
2026-01-28 20:23:35,787 - core.scanner - INFO - Starting full scan
2026-01-28 20:23:35,812 - IntelligentDocRef - INFO - Starting OS File Watcher...
2026-01-28 20:23:35,813 - watcher.adapters - INFO - Scheduling watcher for: C:\Users\ishan\OneDrive\Documents\Development\IntelligentDocRef\test_watch_folder
2026-01-28 20:23:45,249 - IntelligentDocRef - INFO - Stopping Service...
2026-01-28 20:23:52,234 - watcher.adapters - INFO - Initialized Watcher for OS: Windows
2026-01-28 20:23:52,234 - IntelligentDocRef - INFO - Service Starting...
2026-01-28 20:23:52,235 - IntelligentDocRef - INFO - Performing Initial Scan...
2026-01-28 20:23:52,235 - core.scanner - INFO - Starting full scan
2026-01-28 20:23:52,266 - IntelligentDocRef - INFO - Starting OS File Watcher...
2026-01-28 20:23:52,266 - watcher.adapters - INFO - Scheduling watcher for: C:\Users\ishan\OneDrive\Documents\Development\IntelligentDocRef\test_watch_folder
2026-01-28 20:24:09,128 - IntelligentDocRef - INFO - Event Detected: modified - C:\Users\ishan\OneDrive\Documents\Development\IntelligentDocRef\test_watch_folder\test.txt
2026-01-28 20:24:09,137 - IntelligentDocRef - INFO - Event Detected: modified - C:\Users\ishan\OneDrive\Documents\Development\IntelligentDocRef\test_watch_folder\test.txt
2026-01-28 20:24:27,800 - IntelligentDocRef - INFO - Event Detected: modified - C:\Users\ishan\OneDrive\Documents\Development\IntelligentDocRef\test_watch_folder\test.txt
2026-01-28 20:24:27,812 - IntelligentDocRef - INFO - Event Detected: modified - C:\Users\ishan\OneDrive\Documents\Development\IntelligentDocRef\test_watch_folder\test.txt
2026-01-28 20:24:36,188 - IntelligentDocRef - INFO - Event Detected: modified - C:\Users\ishan\OneDrive\Documents\Development\IntelligentDocRef\test_watch_folder\note.txt
2026-01-28 20:24:36,205 - IntelligentDocRef - INFO - Event Detected: modified - C:\Users\ishan\OneDrive\Documents\Development\IntelligentDocRef\test_watch_folder\note.txt
2026-01-28 20:24:43,194 - IntelligentDocRef - INFO - Stopping Service...
2026-01-28 20:27:11,712 - watcher.adapters - INFO - Initialized Watcher for OS: Windows
2026-01-28 20:27:11,713 - IntelligentDocRef - INFO - Service Starting...
2026-01-28 20:27:11,713 - IntelligentDocRef - INFO - Performing Initial Scan...
2026-01-28 20:27:11,714 - core.scanner - INFO - Starting full scan
2026-01-28 20:27:11,738 - IntelligentDocRef - INFO - Starting OS File Watcher...
2026-01-28 20:27:11,740 - watcher.adapters - INFO - Scheduling watcher for: C:\Users\ishan\OneDrive\Documents\Development\IntelligentDocRef\test_watch_folder
2026-01-28 20:27:23,864 - IntelligentDocRef - INFO - Event Detected: modified - C:\Users\ishan\OneDrive\Documents\Development\IntelligentDocRef\test_watch_folder\note.txt
2026-01-28 20:27:23,874 - IntelligentDocRef - INFO - Event Detected: modified - C:\Users\ishan\OneDrive\Documents\Development\IntelligentDocRef\test_watch_folder\note.txt
2026-01-28 20:31:24,454 - IntelligentDocRef - INFO - Stopping Service...
2026-01-28 20:32:50,374 - watcher.adapters - INFO - Initialized Watcher for OS: Windows
2026-01-28 20:32:50,375 - IntelligentDocRef - INFO - Service Starting...
2026-01-28 20:32:50,375 - IntelligentDocRef - INFO - Performing Initial Scan...
2026-01-28 20:32:50,376 - core.scanner - INFO - Starting full scan
2026-01-28 20:32:50,413 - IntelligentDocRef - INFO - Starting OS File Watcher...
2026-01-28 20:32:50,414 - watcher.adapters - INFO - Scheduling watcher for: C:\Users\ishan\OneDrive\Documents\Development\IntelligentDocRef\test_watch_folder
2026-01-28 20:33:08,842 - IntelligentDocRef - INFO - Event Detected: modified - C:\Users\ishan\OneDrive\Documents\Development\IntelligentDocRef\test_watch_folder\note.txt
2026-01-28 20:33:08,855 - IntelligentDocRef - INFO - Queue Worker Started
2026-01-28 20:33:08,880 - IntelligentDocRef - INFO - Processed UPDATE for C:\Users\ishan\OneDrive\Documents\Development\IntelligentDocRef\test_watch_folder\note.txt
2026-01-28 20:33:08,920 - IntelligentDocRef - INFO - Processed UPDATE for C:\Users\ishan\OneDrive\Documents\Development\IntelligentDocRef\test_watch_folder\test.txt
2026-01-28 20:35:22,133 - IntelligentDocRef - INFO - Stopping Service...
2026-01-28 20:39:25,736 - watcher.adapters - INFO - Initialized Watcher for OS: Windows
2026-01-28 20:39:25,737 - IntelligentDocRef - INFO - Service Starting...
2026-01-28 20:39:25,737 - IntelligentDocRef - INFO - Performing Initial Scan...
2026-01-28 20:39:25,738 - core.scanner - INFO - Starting full scan
2026-01-28 20:39:25,780 - IntelligentDocRef - INFO - Starting OS File Watcher...
2026-01-28 20:39:25,780 - watcher.adapters - INFO - Scheduling watcher for: C:\Users\ishan\OneDrive\Documents\Development\IntelligentDocRef\test_watch_folder
2026-01-28 20:39:36,012 - IntelligentDocRef - INFO - Event Detected: modified - C:\Users\ishan\OneDrive\Documents\Development\IntelligentDocRef\test_watch_folder\note.txt
2026-01-28 20:39:57,663 - IntelligentDocRef - INFO - Event Detected: modified - C:\Users\ishan\OneDrive\Documents\Development\IntelligentDocRef\test_watch_folder\test.txt
2026-01-28 20:39:57,681 - IntelligentDocRef - INFO - Event Detected: modified - C:\Users\ishan\OneDrive\Documents\Development\IntelligentDocRef\test_watch_folder\test.txt
2026-01-28 20:40:09,851 - IntelligentDocRef - INFO - Event Detected: modified - C:\Users\ishan\OneDrive\Documents\Development\IntelligentDocRef\test_watch_folder\note.txt
2026-01-28 20:40:09,874 - IntelligentDocRef - INFO - Event Detected: modified - C:\Users\ishan\OneDrive\Documents\Development\IntelligentDocRef\test_watch_folder\note.txt
2026-01-28 20:40:55,892 - IntelligentDocRef - INFO - Event Detected: modified - C:\Users\ishan\OneDrive\Documents\Development\IntelligentDocRef\test_watch_folder\note.txt
2026-01-28 20:41:14,758 - IntelligentDocRef - INFO - Event Detected: created - C:\Users\ishan\OneDrive\Documents\Development\IntelligentDocRef\test_watch_folder\new.txt
2026-01-28 20:41:49,440 - IntelligentDocRef - INFO - Event Detected: deleted - C:\Users\ishan\OneDrive\Documents\Development\IntelligentDocRef\test_watch_folder\test.txt
2026-01-28 20:42:55,967 - IntelligentDocRef - INFO - Stopping Service...
2026-01-29 10:22:10,749 - watcher.adapters - INFO - Initialized Watcher for OS: Windows
2026-01-29 10:22:10,750 - IntelligentDocRef - INFO - Service Starting...
2026-01-29 10:22:10,751 - IntelligentDocRef - INFO - Performing Initial Scan...
2026-01-29 10:22:10,751 - core.scanner - INFO - Starting full scan
2026-01-29 10:22:10,795 - IntelligentDocRef - INFO - Starting OS File Watcher...
2026-01-29 10:22:10,796 - watcher.adapters - INFO - Scheduling watcher for: C:\Users\ishan\OneDrive\Documents\Development\IntelligentDocRef\test_watch_folder
2026-01-29 10:22:18,256 - IntelligentDocRef - INFO - Event Detected: modified - C:\Users\ishan\OneDrive\Documents\Development\IntelligentDocRef\test_watch_folder\new.txt
2026-01-29 10:22:18,295 - IntelligentDocRef - INFO - Event Detected: modified - C:\Users\ishan\OneDrive\Documents\Development\IntelligentDocRef\test_watch_folder\new.txt
2026-01-29 10:22:44,819 - IntelligentDocRef - INFO - Event Detected: created - C:\Users\ishan\OneDrive\Documents\Development\IntelligentDocRef\test_watch_folder\testudsh.txt
2026-01-29 10:23:03,499 - IntelligentDocRef - INFO - Stopping Service...
