2025-10-15T00:04:00Z [INFO] Index optimization triggered
2025-10-15T00:21:00Z [WARN] Failed to process document: timeout
2025-10-15T00:32:00Z [INFO] Request processed successfully
2025-10-15T01:02:00Z [INFO] Database connection recycled
2025-10-15T01:04:00Z [INFO] Cache miss for document lookup
2025-10-15T01:41:00Z [INFO] Rate limit warning: approaching threshold
2025-10-15T01:58:00Z [ERROR] Rate limit warning: approaching threshold
2025-10-15T02:06:00Z [INFO] Embedding batch completed
2025-10-15T02:17:00Z [ERROR] Rate limit warning: approaching threshold
2025-10-15T02:17:00Z [INFO] Cache miss for document lookup
2025-10-15T02:46:00Z [INFO] Database connection recycled
2025-10-15T03:18:00Z [WARN] Failed to process document: timeout
2025-10-15T03:29:00Z [INFO] Failed to process document: timeout
2025-10-15T03:32:00Z [INFO] Failed to process document: timeout
2025-10-15T03:39:00Z [INFO] Rate limit warning: approaching threshold
2025-10-15T03:49:00Z [ERROR] Embedding batch completed
2025-10-15T04:06:00Z [INFO] Rate limit warning: approaching threshold
2025-10-15T04:37:00Z [INFO] Database connection recycled
2025-10-15T04:46:00Z [INFO] Rate limit warning: approaching threshold
2025-10-15T05:04:00Z [INFO] Index optimization triggered
2025-10-15T05:57:00Z [WARN] Embedding batch completed
2025-10-15T06:25:00Z [INFO] Rate limit warning: approaching threshold
2025-10-15T06:54:00Z [WARN] Request processed successfully
2025-10-15T07:09:00Z [INFO] Health check passed
2025-10-15T08:18:00Z [INFO] Failed to process document: timeout
2025-10-15T08:24:00Z [INFO] Embedding batch completed
2025-10-15T08:29:00Z [INFO] Health check passed
2025-10-15T08:33:00Z [WARN] Cache miss for document lookup
2025-10-15T08:36:00Z [INFO] Index optimization triggered
2025-10-15T09:14:00Z [ERROR] Health check passed
2025-10-15T09:19:00Z [WARN] Cache miss for document lookup
2025-10-15T09:51:00Z [WARN] Failed to process document: timeout
2025-10-15T10:05:00Z [INFO] Rate limit warning: approaching threshold
2025-10-15T10:09:00Z [INFO] Request processed successfully
2025-10-15T10:14:00Z [WARN] Health check passed
2025-10-15T10:46:00Z [ERROR] Request processed successfully
2025-10-15T10:51:00Z [WARN] Embedding batch completed
2025-10-15T11:45:00Z [INFO] Database connection recycled
2025-10-15T12:23:00Z [ERROR] Failed to process document: timeout
2025-10-15T12:24:00Z [INFO] Rate limit warning: approaching threshold
2025-10-15T12:42:00Z [INFO] Request processed successfully
2025-10-15T12:50:00Z [ERROR] Embedding batch completed
2025-10-15T13:02:00Z [INFO] Database connection recycled
2025-10-15T13:17:00Z [INFO] Health check passed
2025-10-15T13:45:00Z [INFO] Health check passed
2025-10-15T13:52:00Z [INFO] Index optimization triggered
2025-10-15T14:16:00Z [INFO] Database connection recycled
2025-10-15T14:27:00Z [INFO] Embedding batch completed
2025-10-15T14:28:00Z [WARN] Failed to process document: timeout
2025-10-15T14:36:00Z [ERROR] Cache miss for document lookup
2025-10-15T14:42:00Z [WARN] Index optimization triggered
2025-10-15T14:52:00Z [WARN] Health check passed
2025-10-15T15:01:00Z [INFO] Rate limit warning: approaching threshold
2025-10-15T15:11:00Z [ERROR] Cache miss for document lookup
2025-10-15T15:17:00Z [INFO] Embedding batch completed
2025-10-15T15:24:00Z [WARN] Cache miss for document lookup
2025-10-15T15:27:00Z [ERROR] Embedding batch completed
2025-10-15T15:48:00Z [INFO] Cache miss for document lookup
2025-10-15T16:18:00Z [WARN] Failed to process document: timeout
2025-10-15T16:26:00Z [INFO] Rate limit warning: approaching threshold
2025-10-15T16:27:00Z [ERROR] Failed to process document: timeout
2025-10-15T16:29:00Z [INFO] Failed to process document: timeout
2025-10-15T16:40:00Z [WARN] Rate limit warning: approaching threshold
2025-10-15T16:55:00Z [WARN] Rate limit warning: approaching threshold
2025-10-15T17:05:00Z [WARN] Failed to process document: timeout
2025-10-15T17:06:00Z [INFO] Failed to process document: timeout
2025-10-15T17:14:00Z [INFO] Index optimization triggered
2025-10-15T17:17:00Z [ERROR] Database connection recycled
2025-10-15T17:19:00Z [ERROR] Cache miss for document lookup
2025-10-15T17:47:00Z [INFO] Rate limit warning: approaching threshold
2025-10-15T18:03:00Z [INFO] Embedding batch completed
2025-10-15T18:05:00Z [WARN] Database connection recycled
2025-10-15T18:16:00Z [INFO] Embedding batch completed
2025-10-15T18:32:00Z [INFO] Cache miss for document lookup
2025-10-15T18:52:00Z [INFO] Cache miss for document lookup
2025-10-15T18:58:00Z [WARN] Embedding batch completed
2025-10-15T19:00:00Z [ERROR] Index optimization triggered
2025-10-15T19:04:00Z [INFO] Embedding batch completed
2025-10-15T19:33:00Z [INFO] Failed to process document: timeout
2025-10-15T20:14:00Z [INFO] Failed to process document: timeout
2025-10-15T21:09:00Z [INFO] Database connection recycled
2025-10-15T21:21:00Z [INFO] Rate limit warning: approaching threshold
2025-10-15T21:41:00Z [ERROR] Database connection recycled
2025-10-15T21:51:00Z [ERROR] Embedding batch completed
2025-10-15T21:52:00Z [INFO] Rate limit warning: approaching threshold
2025-10-15T22:00:00Z [WARN] Failed to process document: timeout
2025-10-15T22:11:00Z [INFO] Rate limit warning: approaching threshold
2025-10-15T22:11:00Z [INFO] Rate limit warning: approaching threshold
2025-10-15T22:21:00Z [INFO] Failed to process document: timeout
2025-10-15T22:28:00Z [INFO] Rate limit warning: approaching threshold
2025-10-15T22:30:00Z [WARN] Embedding batch completed
2025-10-15T23:14:00Z [WARN] Cache miss for document lookup
2025-10-15T23:20:00Z [INFO] Request processed successfully
2025-10-15T23:22:00Z [INFO] Cache miss for document lookup
2025-10-15T23:26:00Z [INFO] Health check passed
2025-10-15T23:40:00Z [ERROR] Embedding batch completed
2025-10-15T23:43:00Z [INFO] Index optimization triggered
2025-10-15T23:46:00Z [INFO] Cache miss for document lookup
2025-10-15T23:55:00Z [INFO] Database connection recycled
