2025-10-08T00:03:00Z [WARN] Rate limit warning: approaching threshold
2025-10-08T00:48:00Z [ERROR] Health check passed
2025-10-08T01:04:00Z [INFO] Rate limit warning: approaching threshold
2025-10-08T01:05:00Z [INFO] Database connection recycled
2025-10-08T01:07:00Z [ERROR] Embedding batch completed
2025-10-08T01:10:00Z [ERROR] Health check passed
2025-10-08T01:11:00Z [INFO] Health check passed
2025-10-08T01:25:00Z [ERROR] Cache miss for document lookup
2025-10-08T01:26:00Z [INFO] Health check passed
2025-10-08T01:30:00Z [WARN] Index optimization triggered
2025-10-08T01:41:00Z [ERROR] Health check passed
2025-10-08T01:41:00Z [INFO] Cache miss for document lookup
2025-10-08T01:56:00Z [INFO] Health check passed
2025-10-08T02:04:00Z [WARN] Rate limit warning: approaching threshold
2025-10-08T02:38:00Z [INFO] Rate limit warning: approaching threshold
2025-10-08T02:40:00Z [ERROR] Failed to process document: timeout
2025-10-08T02:42:00Z [INFO] Index optimization triggered
2025-10-08T02:48:00Z [INFO] Request processed successfully
2025-10-08T03:26:00Z [WARN] Request processed successfully
2025-10-08T03:45:00Z [INFO] Health check passed
2025-10-08T03:51:00Z [INFO] Health check passed
2025-10-08T03:54:00Z [INFO] Rate limit warning: approaching threshold
2025-10-08T03:58:00Z [INFO] Cache miss for document lookup
2025-10-08T04:19:00Z [INFO] Rate limit warning: approaching threshold
2025-10-08T04:43:00Z [ERROR] Request processed successfully
2025-10-08T05:32:00Z [INFO] Embedding batch completed
2025-10-08T05:46:00Z [INFO] Health check passed
2025-10-08T05:48:00Z [INFO] Failed to process document: timeout
2025-10-08T06:47:00Z [ERROR] Failed to process document: timeout
2025-10-08T06:47:00Z [WARN] Index optimization triggered
2025-10-08T07:01:00Z [INFO] Rate limit warning: approaching threshold
2025-10-08T07:46:00Z [INFO] Index optimization triggered
2025-10-08T07:48:00Z [INFO] Index optimization triggered
2025-10-08T07:53:00Z [INFO] Health check passed
2025-10-08T08:17:00Z [ERROR] Health check passed
2025-10-08T08:20:00Z [WARN] Index optimization triggered
2025-10-08T08:28:00Z [WARN] Health check passed
2025-10-08T08:44:00Z [INFO] Request processed successfully
2025-10-08T09:04:00Z [WARN] Cache miss for document lookup
2025-10-08T09:05:00Z [INFO] Database connection recycled
2025-10-08T09:11:00Z [INFO] Index optimization triggered
2025-10-08T09:20:00Z [INFO] Request processed successfully
2025-10-08T09:55:00Z [INFO] Embedding batch completed
2025-10-08T10:20:00Z [WARN] Health check passed
2025-10-08T10:23:00Z [ERROR] Failed to process document: timeout
2025-10-08T10:26:00Z [INFO] Health check passed
2025-10-08T10:30:00Z [WARN] Index optimization triggered
2025-10-08T10:48:00Z [INFO] Database connection recycled
2025-10-08T11:25:00Z [INFO] Database connection recycled
2025-10-08T11:33:00Z [INFO] Request processed successfully
2025-10-08T11:39:00Z [INFO] Index optimization triggered
2025-10-08T11:59:00Z [WARN] Database connection recycled
2025-10-08T12:01:00Z [INFO] Index optimization triggered
2025-10-08T12:12:00Z [INFO] Health check passed
2025-10-08T12:14:00Z [WARN] Cache miss for document lookup
2025-10-08T12:23:00Z [ERROR] Database connection recycled
2025-10-08T12:27:00Z [WARN] Embedding batch completed
2025-10-08T13:16:00Z [INFO] Index optimization triggered
2025-10-08T13:40:00Z [WARN] Embedding batch completed
2025-10-08T13:53:00Z [ERROR] Request processed successfully
2025-10-08T13:56:00Z [INFO] Health check passed
2025-10-08T13:57:00Z [WARN] Database connection recycled
2025-10-08T14:05:00Z [INFO] Embedding batch completed
2025-10-08T14:07:00Z [INFO] Index optimization triggered
2025-10-08T14:18:00Z [WARN] Database connection recycled
2025-10-08T14:53:00Z [INFO] Request processed successfully
2025-10-08T15:01:00Z [ERROR] Database connection recycled
2025-10-08T15:03:00Z [WARN] Cache miss for document lookup
2025-10-08T15:05:00Z [INFO] Rate limit warning: approaching threshold
2025-10-08T15:17:00Z [INFO] Health check passed
2025-10-08T15:27:00Z [INFO] Failed to process document: timeout
2025-10-08T15:44:00Z [WARN] Cache miss for document lookup
2025-10-08T15:45:00Z [ERROR] Database connection recycled
2025-10-08T15:56:00Z [ERROR] Database connection recycled
2025-10-08T16:16:00Z [INFO] Failed to process document: timeout
2025-10-08T16:51:00Z [WARN] Failed to process document: timeout
2025-10-08T16:53:00Z [ERROR] Database connection recycled
2025-10-08T17:03:00Z [INFO] Embedding batch completed
2025-10-08T17:05:00Z [INFO] Database connection recycled
2025-10-08T17:54:00Z [WARN] Cache miss for document lookup
2025-10-08T18:03:00Z [ERROR] Health check passed
2025-10-08T18:41:00Z [INFO] Embedding batch completed
2025-10-08T18:59:00Z [INFO] Index optimization triggered
2025-10-08T19:02:00Z [INFO] Health check passed
2025-10-08T19:17:00Z [ERROR] Failed to process document: timeout
2025-10-08T19:21:00Z [INFO] Request processed successfully
2025-10-08T19:32:00Z [ERROR] Cache miss for document lookup
2025-10-08T19:37:00Z [INFO] Rate limit warning: approaching threshold
2025-10-08T20:49:00Z [WARN] Index optimization triggered
2025-10-08T20:55:00Z [INFO] Health check passed
2025-10-08T21:01:00Z [WARN] Health check passed
2025-10-08T21:06:00Z [INFO] Rate limit warning: approaching threshold
2025-10-08T22:06:00Z [WARN] Database connection recycled
2025-10-08T22:15:00Z [INFO] Cache miss for document lookup
2025-10-08T22:32:00Z [INFO] Embedding batch completed
2025-10-08T22:32:00Z [INFO] Embedding batch completed
2025-10-08T22:38:00Z [ERROR] Request processed successfully
2025-10-08T22:39:00Z [INFO] Cache miss for document lookup
2025-10-08T22:42:00Z [ERROR] Database connection recycled
2025-10-08T22:58:00Z [INFO] Failed to process document: timeout
2025-10-08T23:02:00Z [ERROR] Rate limit warning: approaching threshold
2025-10-08T23:17:00Z [WARN] Health check passed
2025-10-08T23:37:00Z [ERROR] Embedding batch completed
2025-10-08T23:44:00Z [INFO] Request processed successfully
2025-10-08T23:56:00Z [INFO] Database connection recycled
2025-10-08T23:59:00Z [INFO] Index optimization triggered
