2025-10-01T00:15:00Z [WARN] Request processed successfully
2025-10-01T00:36:00Z [INFO] Health check passed
2025-10-01T01:04:00Z [INFO] Rate limit warning: approaching threshold
2025-10-01T01:04:00Z [WARN] Rate limit warning: approaching threshold
2025-10-01T01:09:00Z [INFO] Health check passed
2025-10-01T01:15:00Z [INFO] Request processed successfully
2025-10-01T01:24:00Z [INFO] Embedding batch completed
2025-10-01T01:26:00Z [ERROR] Index optimization triggered
2025-10-01T01:37:00Z [ERROR] Health check passed
2025-10-01T01:37:00Z [WARN] Failed to process document: timeout
2025-10-01T01:53:00Z [WARN] Embedding batch completed
2025-10-01T02:12:00Z [WARN] Request processed successfully
2025-10-01T02:15:00Z [ERROR] Index optimization triggered
2025-10-01T02:25:00Z [INFO] Health check passed
2025-10-01T02:25:00Z [INFO] Rate limit warning: approaching threshold
2025-10-01T02:28:00Z [INFO] Cache miss for document lookup
2025-10-01T02:44:00Z [INFO] Database connection recycled
2025-10-01T02:45:00Z [INFO] Health check passed
2025-10-01T02:46:00Z [INFO] Database connection recycled
2025-10-01T02:59:00Z [INFO] Request processed successfully
2025-10-01T03:01:00Z [ERROR] Health check passed
2025-10-01T03:04:00Z [INFO] Index optimization triggered
2025-10-01T03:09:00Z [INFO] Database connection recycled
2025-10-01T03:19:00Z [INFO] Embedding batch completed
2025-10-01T03:26:00Z [INFO] Request processed successfully
2025-10-01T04:01:00Z [INFO] Database connection recycled
2025-10-01T04:10:00Z [ERROR] Rate limit warning: approaching threshold
2025-10-01T04:13:00Z [INFO] Rate limit warning: approaching threshold
2025-10-01T04:19:00Z [ERROR] Failed to process document: timeout
2025-10-01T04:34:00Z [INFO] Rate limit warning: approaching threshold
2025-10-01T04:35:00Z [INFO] Database connection recycled
2025-10-01T04:54:00Z [WARN] Failed to process document: timeout
2025-10-01T05:12:00Z [INFO] Request processed successfully
2025-10-01T05:37:00Z [ERROR] Failed to process document: timeout
2025-10-01T05:40:00Z [WARN] Rate limit warning: approaching threshold
2025-10-01T05:44:00Z [INFO] Database connection recycled
2025-10-01T05:50:00Z [WARN] Rate limit warning: approaching threshold
2025-10-01T05:51:00Z [ERROR] Embedding batch completed
2025-10-01T05:57:00Z [WARN] Health check passed
2025-10-01T06:00:00Z [INFO] Database connection recycled
2025-10-01T06:25:00Z [WARN] Cache miss for document lookup
2025-10-01T06:40:00Z [WARN] Failed to process document: timeout
2025-10-01T06:48:00Z [INFO] Failed to process document: timeout
2025-10-01T06:51:00Z [INFO] Request processed successfully
2025-10-01T06:52:00Z [WARN] Embedding batch completed
2025-10-01T06:59:00Z [INFO] Request processed successfully
2025-10-01T07:08:00Z [INFO] Health check passed
2025-10-01T07:09:00Z [INFO] Index optimization triggered
2025-10-01T07:20:00Z [INFO] Rate limit warning: approaching threshold
2025-10-01T07:34:00Z [INFO] Cache miss for document lookup
2025-10-01T07:51:00Z [INFO] Cache miss for document lookup
2025-10-01T07:57:00Z [ERROR] Health check passed
2025-10-01T07:59:00Z [ERROR] Failed to process document: timeout
2025-10-01T08:04:00Z [INFO] Request processed successfully
2025-10-01T08:10:00Z [INFO] Request processed successfully
2025-10-01T08:14:00Z [WARN] Index optimization triggered
2025-10-01T08:17:00Z [ERROR] Request processed successfully
2025-10-01T08:21:00Z [INFO] Embedding batch completed
2025-10-01T08:37:00Z [INFO] Health check passed
2025-10-01T09:27:00Z [INFO] Index optimization triggered
2025-10-01T09:33:00Z [INFO] Embedding batch completed
2025-10-01T09:43:00Z [WARN] Cache miss for document lookup
2025-10-01T09:43:00Z [WARN] Database connection recycled
2025-10-01T09:47:00Z [INFO] Index optimization triggered
2025-10-01T10:19:00Z [INFO] Health check passed
2025-10-01T10:21:00Z [INFO] Rate limit warning: approaching threshold
2025-10-01T10:32:00Z [WARN] Request processed successfully
2025-10-01T10:43:00Z [ERROR] Embedding batch completed
2025-10-01T10:45:00Z [ERROR] Health check passed
2025-10-01T10:48:00Z [INFO] Failed to process document: timeout
2025-10-01T10:52:00Z [WARN] Health check passed
2025-10-01T10:58:00Z [INFO] Failed to process document: timeout
2025-10-01T10:58:00Z [WARN] Health check passed
2025-10-01T11:16:00Z [INFO] Cache miss for document lookup
2025-10-01T11:42:00Z [ERROR] Request processed successfully
2025-10-01T12:14:00Z [INFO] Request processed successfully
2025-10-01T12:17:00Z [WARN] Failed to process document: timeout
2025-10-01T12:24:00Z [INFO] Rate limit warning: approaching threshold
2025-10-01T12:26:00Z [ERROR] Health check passed
2025-10-01T12:31:00Z [INFO] Health check passed
2025-10-01T12:37:00Z [ERROR] Cache miss for document lookup
2025-10-01T12:41:00Z [ERROR] Database connection recycled
2025-10-01T12:43:00Z [ERROR] Embedding batch completed
2025-10-01T12:46:00Z [ERROR] Database connection recycled
2025-10-01T13:03:00Z [INFO] Rate limit warning: approaching threshold
2025-10-01T13:06:00Z [INFO] Request processed successfully
2025-10-01T13:44:00Z [WARN] Database connection recycled
2025-10-01T13:51:00Z [ERROR] Rate limit warning: approaching threshold
2025-10-01T14:04:00Z [INFO] Database connection recycled
2025-10-01T14:08:00Z [INFO] Database connection recycled
2025-10-01T14:16:00Z [ERROR] Health check passed
2025-10-01T14:22:00Z [INFO] Failed to process document: timeout
2025-10-01T14:43:00Z [INFO] Database connection recycled
2025-10-01T14:51:00Z [INFO] Index optimization triggered
2025-10-01T15:04:00Z [WARN] Cache miss for document lookup
2025-10-01T15:09:00Z [INFO] Failed to process document: timeout
2025-10-01T15:11:00Z [WARN] Request processed successfully
2025-10-01T15:21:00Z [WARN] Database connection recycled
2025-10-01T15:25:00Z [WARN] Cache miss for document lookup
2025-10-01T15:48:00Z [INFO] Embedding batch completed
2025-10-01T15:48:00Z [WARN] Request processed successfully
2025-10-01T16:10:00Z [ERROR] Cache miss for document lookup
2025-10-01T16:16:00Z [ERROR] Health check passed
2025-10-01T16:46:00Z [WARN] Database connection recycled
2025-10-01T16:59:00Z [ERROR] Health check passed
2025-10-01T17:02:00Z [INFO] Cache miss for document lookup
2025-10-01T17:18:00Z [INFO] Request processed successfully
2025-10-01T17:35:00Z [ERROR] Database connection recycled
2025-10-01T17:36:00Z [ERROR] Rate limit warning: approaching threshold
2025-10-01T17:40:00Z [INFO] Health check passed
2025-10-01T17:41:00Z [ERROR] Embedding batch completed
2025-10-01T17:45:00Z [INFO] Index optimization triggered
2025-10-01T18:07:00Z [INFO] Rate limit warning: approaching threshold
2025-10-01T18:12:00Z [INFO] Rate limit warning: approaching threshold
2025-10-01T18:18:00Z [INFO] Rate limit warning: approaching threshold
2025-10-01T18:27:00Z [INFO] Database connection recycled
2025-10-01T18:35:00Z [ERROR] Failed to process document: timeout
2025-10-01T18:43:00Z [INFO] Rate limit warning: approaching threshold
2025-10-01T18:55:00Z [WARN] Failed to process document: timeout
2025-10-01T19:25:00Z [INFO] Health check passed
2025-10-01T19:27:00Z [INFO] Failed to process document: timeout
2025-10-01T19:33:00Z [INFO] Database connection recycled
2025-10-01T19:38:00Z [INFO] Embedding batch completed
2025-10-01T19:43:00Z [INFO] Cache miss for document lookup
2025-10-01T20:07:00Z [WARN] Cache miss for document lookup
2025-10-01T20:19:00Z [INFO] Cache miss for document lookup
2025-10-01T20:46:00Z [ERROR] Index optimization triggered
2025-10-01T20:53:00Z [INFO] Request processed successfully
2025-10-01T20:56:00Z [INFO] Embedding batch completed
2025-10-01T21:01:00Z [WARN] Failed to process document: timeout
2025-10-01T21:06:00Z [INFO] Rate limit warning: approaching threshold
2025-10-01T21:09:00Z [INFO] Failed to process document: timeout
2025-10-01T21:14:00Z [INFO] Request processed successfully
2025-10-01T21:21:00Z [WARN] Request processed successfully
2025-10-01T21:26:00Z [INFO] Failed to process document: timeout
2025-10-01T21:32:00Z [INFO] Database connection recycled
2025-10-01T21:43:00Z [ERROR] Embedding batch completed
2025-10-01T21:45:00Z [ERROR] Database connection recycled
2025-10-01T21:48:00Z [WARN] Failed to process document: timeout
2025-10-01T22:22:00Z [INFO] Index optimization triggered
2025-10-01T22:24:00Z [ERROR] Cache miss for document lookup
2025-10-01T22:27:00Z [INFO] Cache miss for document lookup
2025-10-01T22:34:00Z [ERROR] Request processed successfully
2025-10-01T22:58:00Z [INFO] Request processed successfully
2025-10-01T23:45:00Z [INFO] Embedding batch completed
