2025-11-15T00:14:00Z [WARN] Health check passed
2025-11-15T00:18:00Z [INFO] Database connection recycled
2025-11-15T00:30:00Z [ERROR] Rate limit warning: approaching threshold
2025-11-15T00:41:00Z [ERROR] Index optimization triggered
2025-11-15T01:13:00Z [INFO] Database connection recycled
2025-11-15T01:20:00Z [INFO] Request processed successfully
2025-11-15T01:39:00Z [WARN] Request processed successfully
2025-11-15T01:45:00Z [INFO] Database connection recycled
2025-11-15T01:54:00Z [INFO] Index optimization triggered
2025-11-15T02:26:00Z [INFO] Cache miss for document lookup
2025-11-15T02:29:00Z [WARN] Rate limit warning: approaching threshold
2025-11-15T02:33:00Z [WARN] Embedding batch completed
2025-11-15T02:40:00Z [WARN] Failed to process document: timeout
2025-11-15T02:43:00Z [WARN] Embedding batch completed
2025-11-15T02:51:00Z [INFO] Database connection recycled
2025-11-15T02:58:00Z [INFO] Index optimization triggered
2025-11-15T03:02:00Z [ERROR] Health check passed
2025-11-15T03:13:00Z [INFO] Rate limit warning: approaching threshold
2025-11-15T03:19:00Z [INFO] Database connection recycled
2025-11-15T03:37:00Z [INFO] Database connection recycled
2025-11-15T03:37:00Z [INFO] Embedding batch completed
2025-11-15T03:39:00Z [INFO] Health check passed
2025-11-15T03:42:00Z [INFO] Health check passed
2025-11-15T03:44:00Z [ERROR] Index optimization triggered
2025-11-15T04:00:00Z [ERROR] Health check passed
2025-11-15T04:13:00Z [INFO] Request processed successfully
2025-11-15T04:18:00Z [INFO] Database connection recycled
2025-11-15T04:33:00Z [INFO] Rate limit warning: approaching threshold
2025-11-15T04:58:00Z [WARN] Request processed successfully
2025-11-15T05:39:00Z [WARN] Health check passed
2025-11-15T05:47:00Z [ERROR] Health check passed
2025-11-15T05:57:00Z [INFO] Database connection recycled
2025-11-15T06:01:00Z [WARN] Failed to process document: timeout
2025-11-15T06:02:00Z [INFO] Request processed successfully
2025-11-15T06:04:00Z [INFO] Index optimization triggered
2025-11-15T06:18:00Z [ERROR] Cache miss for document lookup
2025-11-15T06:19:00Z [INFO] Cache miss for document lookup
2025-11-15T06:22:00Z [WARN] Cache miss for document lookup
2025-11-15T06:29:00Z [INFO] Failed to process document: timeout
2025-11-15T06:42:00Z [INFO] Embedding batch completed
2025-11-15T07:05:00Z [ERROR] Rate limit warning: approaching threshold
2025-11-15T07:20:00Z [INFO] Health check passed
2025-11-15T07:31:00Z [INFO] Failed to process document: timeout
2025-11-15T07:41:00Z [INFO] Health check passed
2025-11-15T07:46:00Z [WARN] Cache miss for document lookup
2025-11-15T07:57:00Z [ERROR] Failed to process document: timeout
2025-11-15T08:00:00Z [INFO] Index optimization triggered
2025-11-15T08:05:00Z [INFO] Database connection recycled
2025-11-15T08:08:00Z [INFO] Database connection recycled
2025-11-15T08:08:00Z [INFO] Embedding batch completed
2025-11-15T08:55:00Z [INFO] Database connection recycled
2025-11-15T08:57:00Z [INFO] Rate limit warning: approaching threshold
2025-11-15T09:20:00Z [INFO] Cache miss for document lookup
2025-11-15T09:22:00Z [WARN] Health check passed
2025-11-15T09:26:00Z [ERROR] Rate limit warning: approaching threshold
2025-11-15T09:27:00Z [INFO] Index optimization triggered
2025-11-15T09:48:00Z [INFO] Request processed successfully
2025-11-15T10:03:00Z [INFO] Health check passed
2025-11-15T10:18:00Z [ERROR] Health check passed
2025-11-15T10:46:00Z [WARN] Cache miss for document lookup
2025-11-15T10:53:00Z [WARN] Index optimization triggered
2025-11-15T10:55:00Z [INFO] Database connection recycled
2025-11-15T11:06:00Z [INFO] Failed to process document: timeout
2025-11-15T11:09:00Z [ERROR] Failed to process document: timeout
2025-11-15T11:18:00Z [WARN] Cache miss for document lookup
2025-11-15T11:22:00Z [INFO] Index optimization triggered
2025-11-15T11:23:00Z [ERROR] Health check passed
2025-11-15T11:26:00Z [WARN] Rate limit warning: approaching threshold
2025-11-15T11:28:00Z [INFO] Rate limit warning: approaching threshold
2025-11-15T11:35:00Z [ERROR] Cache miss for document lookup
2025-11-15T11:38:00Z [INFO] Embedding batch completed
2025-11-15T11:41:00Z [INFO] Request processed successfully
2025-11-15T11:43:00Z [ERROR] Health check passed
2025-11-15T11:54:00Z [ERROR] Embedding batch completed
2025-11-15T11:56:00Z [INFO] Database connection recycled
2025-11-15T12:19:00Z [WARN] Index optimization triggered
2025-11-15T12:33:00Z [ERROR] Health check passed
2025-11-15T12:33:00Z [INFO] Rate limit warning: approaching threshold
2025-11-15T12:33:00Z [WARN] Embedding batch completed
2025-11-15T12:36:00Z [ERROR] Request processed successfully
2025-11-15T12:37:00Z [ERROR] Failed to process document: timeout
2025-11-15T12:49:00Z [ERROR] Request processed successfully
2025-11-15T12:58:00Z [INFO] Embedding batch completed
2025-11-15T12:59:00Z [WARN] Health check passed
2025-11-15T13:02:00Z [INFO] Rate limit warning: approaching threshold
2025-11-15T13:04:00Z [ERROR] Failed to process document: timeout
2025-11-15T13:14:00Z [ERROR] Index optimization triggered
2025-11-15T13:17:00Z [WARN] Index optimization triggered
2025-11-15T13:28:00Z [WARN] Request processed successfully
2025-11-15T13:36:00Z [INFO] Index optimization triggered
2025-11-15T13:47:00Z [INFO] Cache miss for document lookup
2025-11-15T13:55:00Z [INFO] Cache miss for document lookup
2025-11-15T14:02:00Z [ERROR] Cache miss for document lookup
2025-11-15T14:05:00Z [ERROR] Database connection recycled
2025-11-15T14:06:00Z [INFO] Database connection recycled
2025-11-15T14:32:00Z [INFO] Cache miss for document lookup
2025-11-15T14:35:00Z [WARN] Rate limit warning: approaching threshold
2025-11-15T14:48:00Z [INFO] Failed to process document: timeout
2025-11-15T15:19:00Z [INFO] Index optimization triggered
2025-11-15T15:19:00Z [WARN] Health check passed
2025-11-15T15:28:00Z [INFO] Embedding batch completed
2025-11-15T15:31:00Z [INFO] Cache miss for document lookup
2025-11-15T15:50:00Z [ERROR] Index optimization triggered
2025-11-15T15:58:00Z [WARN] Database connection recycled
2025-11-15T16:02:00Z [INFO] Index optimization triggered
2025-11-15T16:07:00Z [INFO] Rate limit warning: approaching threshold
2025-11-15T16:09:00Z [INFO] Embedding batch completed
2025-11-15T16:18:00Z [INFO] Failed to process document: timeout
2025-11-15T16:32:00Z [INFO] Database connection recycled
2025-11-15T16:35:00Z [INFO] Embedding batch completed
2025-11-15T16:48:00Z [INFO] Database connection recycled
2025-11-15T16:54:00Z [INFO] Health check passed
2025-11-15T16:58:00Z [INFO] Rate limit warning: approaching threshold
2025-11-15T17:02:00Z [INFO] Rate limit warning: approaching threshold
2025-11-15T17:08:00Z [INFO] Embedding batch completed
2025-11-15T17:11:00Z [INFO] Request processed successfully
2025-11-15T17:13:00Z [ERROR] Health check passed
2025-11-15T17:23:00Z [INFO] Index optimization triggered
2025-11-15T17:54:00Z [ERROR] Rate limit warning: approaching threshold
2025-11-15T18:03:00Z [INFO] Request processed successfully
2025-11-15T18:21:00Z [WARN] Embedding batch completed
2025-11-15T18:34:00Z [ERROR] Database connection recycled
2025-11-15T18:44:00Z [INFO] Database connection recycled
2025-11-15T18:53:00Z [INFO] Rate limit warning: approaching threshold
2025-11-15T18:54:00Z [INFO] Request processed successfully
2025-11-15T19:21:00Z [WARN] Database connection recycled
2025-11-15T19:32:00Z [INFO] Health check passed
2025-11-15T19:33:00Z [INFO] Index optimization triggered
2025-11-15T19:37:00Z [INFO] Failed to process document: timeout
2025-11-15T19:40:00Z [WARN] Rate limit warning: approaching threshold
2025-11-15T19:55:00Z [INFO] Embedding batch completed
2025-11-15T19:56:00Z [INFO] Index optimization triggered
2025-11-15T20:08:00Z [WARN] Database connection recycled
2025-11-15T20:20:00Z [WARN] Health check passed
2025-11-15T20:28:00Z [WARN] Database connection recycled
2025-11-15T20:34:00Z [INFO] Cache miss for document lookup
2025-11-15T20:41:00Z [INFO] Cache miss for document lookup
2025-11-15T20:48:00Z [INFO] Cache miss for document lookup
2025-11-15T20:48:00Z [WARN] Index optimization triggered
2025-11-15T20:49:00Z [WARN] Database connection recycled
2025-11-15T20:54:00Z [INFO] Index optimization triggered
2025-11-15T21:10:00Z [INFO] Index optimization triggered
2025-11-15T21:13:00Z [INFO] Rate limit warning: approaching threshold
2025-11-15T21:15:00Z [INFO] Health check passed
2025-11-15T21:41:00Z [INFO] Database connection recycled
2025-11-15T21:42:00Z [INFO] Index optimization triggered
2025-11-15T22:01:00Z [WARN] Database connection recycled
2025-11-15T22:07:00Z [INFO] Rate limit warning: approaching threshold
2025-11-15T22:19:00Z [ERROR] Health check passed
2025-11-15T22:49:00Z [INFO] Health check passed
2025-11-15T22:51:00Z [ERROR] Health check passed
2025-11-15T23:05:00Z [ERROR] Rate limit warning: approaching threshold
2025-11-15T23:05:00Z [INFO] Rate limit warning: approaching threshold
2025-11-15T23:15:00Z [ERROR] Health check passed
2025-11-15T23:16:00Z [INFO] Failed to process document: timeout
2025-11-15T23:22:00Z [INFO] Index optimization triggered
2025-11-15T23:32:00Z [ERROR] Rate limit warning: approaching threshold
2025-11-15T23:33:00Z [ERROR] Health check passed
2025-11-15T23:41:00Z [WARN] Database connection recycled
