2025-11-22T00:03:00Z [WARN] Health check passed
2025-11-22T00:24:00Z [INFO] Index optimization triggered
2025-11-22T00:27:00Z [INFO] Embedding batch completed
2025-11-22T00:38:00Z [INFO] Database connection recycled
2025-11-22T00:45:00Z [INFO] Database connection recycled
2025-11-22T01:02:00Z [INFO] Request processed successfully
2025-11-22T01:06:00Z [INFO] Request processed successfully
2025-11-22T02:36:00Z [WARN] Rate limit warning: approaching threshold
2025-11-22T03:02:00Z [ERROR] Health check passed
2025-11-22T03:25:00Z [WARN] Embedding batch completed
2025-11-22T03:28:00Z [INFO] Embedding batch completed
2025-11-22T03:58:00Z [INFO] Health check passed
2025-11-22T04:06:00Z [ERROR] Embedding batch completed
2025-11-22T04:18:00Z [INFO] Failed to process document: timeout
2025-11-22T04:22:00Z [ERROR] Database connection recycled
2025-11-22T04:40:00Z [ERROR] Database connection recycled
2025-11-22T04:55:00Z [INFO] Failed to process document: timeout
2025-11-22T05:31:00Z [WARN] Health check passed
2025-11-22T05:45:00Z [INFO] Request processed successfully
2025-11-22T06:11:00Z [ERROR] Index optimization triggered
2025-11-22T06:24:00Z [WARN] Cache miss for document lookup
2025-11-22T07:01:00Z [INFO] Failed to process document: timeout
2025-11-22T07:21:00Z [INFO] Database connection recycled
2025-11-22T07:28:00Z [INFO] Health check passed
2025-11-22T07:32:00Z [INFO] Health check passed
2025-11-22T07:42:00Z [ERROR] Cache miss for document lookup
2025-11-22T08:23:00Z [INFO] Rate limit warning: approaching threshold
2025-11-22T08:35:00Z [INFO] Embedding batch completed
2025-11-22T09:00:00Z [WARN] Health check passed
2025-11-22T09:05:00Z [INFO] Health check passed
2025-11-22T09:19:00Z [INFO] Failed to process document: timeout
2025-11-22T09:26:00Z [WARN] Request processed successfully
2025-11-22T09:35:00Z [ERROR] Embedding batch completed
2025-11-22T09:57:00Z [WARN] Health check passed
2025-11-22T10:03:00Z [WARN] Database connection recycled
2025-11-22T10:14:00Z [WARN] Index optimization triggered
2025-11-22T10:37:00Z [WARN] Index optimization triggered
2025-11-22T10:41:00Z [INFO] Request processed successfully
2025-11-22T11:08:00Z [INFO] Request processed successfully
2025-11-22T11:26:00Z [INFO] Database connection recycled
2025-11-22T11:30:00Z [INFO] Failed to process document: timeout
2025-11-22T11:33:00Z [ERROR] Embedding batch completed
2025-11-22T12:14:00Z [ERROR] Health check passed
2025-11-22T12:14:00Z [INFO] Health check passed
2025-11-22T12:19:00Z [INFO] Cache miss for document lookup
2025-11-22T12:57:00Z [INFO] Health check passed
2025-11-22T13:14:00Z [INFO] Health check passed
2025-11-22T13:16:00Z [INFO] Cache miss for document lookup
2025-11-22T13:39:00Z [INFO] Failed to process document: timeout
2025-11-22T13:44:00Z [INFO] Index optimization triggered
2025-11-22T13:48:00Z [INFO] Database connection recycled
2025-11-22T14:06:00Z [ERROR] Health check passed
2025-11-22T14:23:00Z [WARN] Database connection recycled
2025-11-22T14:42:00Z [INFO] Embedding batch completed
2025-11-22T14:44:00Z [INFO] Database connection recycled
2025-11-22T14:54:00Z [ERROR] Rate limit warning: approaching threshold
2025-11-22T15:34:00Z [WARN] Request processed successfully
2025-11-22T15:41:00Z [INFO] Request processed successfully
2025-11-22T16:21:00Z [INFO] Rate limit warning: approaching threshold
2025-11-22T16:26:00Z [INFO] Failed to process document: timeout
2025-11-22T16:39:00Z [INFO] Index optimization triggered
2025-11-22T17:13:00Z [INFO] Index optimization triggered
2025-11-22T19:16:00Z [INFO] Request processed successfully
2025-11-22T19:25:00Z [INFO] Index optimization triggered
2025-11-22T19:38:00Z [INFO] Request processed successfully
2025-11-22T20:16:00Z [INFO] Database connection recycled
2025-11-22T20:28:00Z [INFO] Index optimization triggered
2025-11-22T21:03:00Z [ERROR] Failed to process document: timeout
2025-11-22T21:14:00Z [INFO] Request processed successfully
2025-11-22T21:19:00Z [INFO] Database connection recycled
2025-11-22T22:22:00Z [INFO] Rate limit warning: approaching threshold
2025-11-22T22:51:00Z [INFO] Cache miss for document lookup
2025-11-22T23:18:00Z [INFO] Embedding batch completed
2025-11-22T23:27:00Z [INFO] Health check passed
2025-11-22T23:37:00Z [INFO] Request processed successfully
2025-11-22T23:40:00Z [INFO] Failed to process document: timeout
2025-11-22T23:46:00Z [ERROR] Health check passed
