2025-11-08T00:06:00Z [WARN] Rate limit warning: approaching threshold
2025-11-08T00:20:00Z [INFO] Request processed successfully
2025-11-08T00:44:00Z [WARN] Database connection recycled
2025-11-08T00:57:00Z [ERROR] Failed to process document: timeout
2025-11-08T01:01:00Z [INFO] Database connection recycled
2025-11-08T01:13:00Z [INFO] Request processed successfully
2025-11-08T01:20:00Z [INFO] Cache miss for document lookup
2025-11-08T01:23:00Z [INFO] Index optimization triggered
2025-11-08T01:30:00Z [INFO] Embedding batch completed
2025-11-08T01:33:00Z [INFO] Rate limit warning: approaching threshold
2025-11-08T02:00:00Z [INFO] Cache miss for document lookup
2025-11-08T02:03:00Z [INFO] Request processed successfully
2025-11-08T03:14:00Z [INFO] Index optimization triggered
2025-11-08T03:28:00Z [INFO] Database connection recycled
2025-11-08T03:39:00Z [INFO] Rate limit warning: approaching threshold
2025-11-08T03:52:00Z [INFO] Request processed successfully
2025-11-08T03:53:00Z [INFO] Index optimization triggered
2025-11-08T03:54:00Z [WARN] Index optimization triggered
2025-11-08T03:57:00Z [ERROR] Health check passed
2025-11-08T04:14:00Z [INFO] Cache miss for document lookup
2025-11-08T04:33:00Z [INFO] Embedding batch completed
2025-11-08T04:38:00Z [INFO] Index optimization triggered
2025-11-08T04:43:00Z [ERROR] Cache miss for document lookup
2025-11-08T05:01:00Z [ERROR] Health check passed
2025-11-08T05:04:00Z [INFO] Rate limit warning: approaching threshold
2025-11-08T05:07:00Z [INFO] Index optimization triggered
2025-11-08T05:23:00Z [ERROR] Cache miss for document lookup
2025-11-08T05:25:00Z [WARN] Rate limit warning: approaching threshold
2025-11-08T05:47:00Z [ERROR] Index optimization triggered
2025-11-08T06:34:00Z [INFO] Database connection recycled
2025-11-08T06:34:00Z [INFO] Failed to process document: timeout
2025-11-08T06:34:00Z [INFO] Index optimization triggered
2025-11-08T06:34:00Z [WARN] Index optimization triggered
2025-11-08T06:55:00Z [INFO] Health check passed
2025-11-08T07:19:00Z [INFO] Request processed successfully
2025-11-08T07:21:00Z [INFO] Request processed successfully
2025-11-08T07:33:00Z [INFO] Failed to process document: timeout
2025-11-08T07:37:00Z [ERROR] Index optimization triggered
2025-11-08T07:41:00Z [INFO] Health check passed
2025-11-08T07:51:00Z [INFO] Embedding batch completed
2025-11-08T08:01:00Z [WARN] Rate limit warning: approaching threshold
2025-11-08T08:02:00Z [INFO] Cache miss for document lookup
2025-11-08T08:23:00Z [INFO] Cache miss for document lookup
2025-11-08T08:31:00Z [INFO] Health check passed
2025-11-08T08:51:00Z [INFO] Request processed successfully
2025-11-08T10:00:00Z [INFO] Database connection recycled
2025-11-08T10:33:00Z [INFO] Request processed successfully
2025-11-08T10:45:00Z [INFO] Database connection recycled
2025-11-08T11:21:00Z [INFO] Request processed successfully
2025-11-08T11:23:00Z [INFO] Index optimization triggered
2025-11-08T11:24:00Z [WARN] Embedding batch completed
2025-11-08T12:05:00Z [INFO] Request processed successfully
2025-11-08T12:08:00Z [ERROR] Failed to process document: timeout
2025-11-08T12:19:00Z [INFO] Database connection recycled
2025-11-08T12:43:00Z [INFO] Index optimization triggered
2025-11-08T13:22:00Z [INFO] Database connection recycled
2025-11-08T14:01:00Z [INFO] Embedding batch completed
2025-11-08T14:42:00Z [INFO] Request processed successfully
2025-11-08T14:52:00Z [INFO] Cache miss for document lookup
2025-11-08T14:55:00Z [ERROR] Cache miss for document lookup
2025-11-08T15:41:00Z [INFO] Failed to process document: timeout
2025-11-08T15:47:00Z [INFO] Health check passed
2025-11-08T15:48:00Z [INFO] Failed to process document: timeout
2025-11-08T15:50:00Z [INFO] Request processed successfully
2025-11-08T16:06:00Z [INFO] Failed to process document: timeout
2025-11-08T16:24:00Z [INFO] Health check passed
2025-11-08T17:20:00Z [WARN] Database connection recycled
2025-11-08T17:22:00Z [ERROR] Failed to process document: timeout
2025-11-08T17:26:00Z [WARN] Health check passed
2025-11-08T17:34:00Z [ERROR] Health check passed
2025-11-08T17:38:00Z [INFO] Rate limit warning: approaching threshold
2025-11-08T18:04:00Z [INFO] Rate limit warning: approaching threshold
2025-11-08T18:25:00Z [INFO] Database connection recycled
2025-11-08T18:36:00Z [INFO] Embedding batch completed
2025-11-08T18:44:00Z [INFO] Rate limit warning: approaching threshold
2025-11-08T19:31:00Z [WARN] Health check passed
2025-11-08T19:42:00Z [WARN] Rate limit warning: approaching threshold
2025-11-08T19:43:00Z [WARN] Request processed successfully
2025-11-08T19:58:00Z [ERROR] Rate limit warning: approaching threshold
2025-11-08T20:52:00Z [WARN] Database connection recycled
2025-11-08T21:30:00Z [INFO] Database connection recycled
2025-11-08T22:33:00Z [INFO] Request processed successfully
2025-11-08T22:40:00Z [WARN] Rate limit warning: approaching threshold
2025-11-08T22:42:00Z [INFO] Cache miss for document lookup
2025-11-08T22:55:00Z [WARN] Cache miss for document lookup
2025-11-08T23:05:00Z [ERROR] Failed to process document: timeout
2025-11-08T23:16:00Z [ERROR] Embedding batch completed
2025-11-08T23:18:00Z [INFO] Database connection recycled
2025-11-08T23:19:00Z [INFO] Embedding batch completed
2025-11-08T23:57:00Z [INFO] Health check passed
