2025-11-01T00:02:00Z [ERROR] Embedding batch completed
2025-11-01T00:05:00Z [WARN] Index optimization triggered
2025-11-01T00:22:00Z [INFO] Database connection recycled
2025-11-01T00:55:00Z [INFO] Database connection recycled
2025-11-01T01:21:00Z [INFO] Rate limit warning: approaching threshold
2025-11-01T01:59:00Z [ERROR] Health check passed
2025-11-01T02:25:00Z [INFO] Database connection recycled
2025-11-01T02:59:00Z [WARN] Embedding batch completed
2025-11-01T03:02:00Z [INFO] Failed to process document: timeout
2025-11-01T03:25:00Z [INFO] Cache miss for document lookup
2025-11-01T03:26:00Z [INFO] Rate limit warning: approaching threshold
2025-11-01T03:54:00Z [INFO] Database connection recycled
2025-11-01T03:58:00Z [INFO] Embedding batch completed
2025-11-01T03:59:00Z [ERROR] Index optimization triggered
2025-11-01T04:04:00Z [INFO] Rate limit warning: approaching threshold
2025-11-01T04:06:00Z [INFO] Database connection recycled
2025-11-01T04:12:00Z [INFO] Database connection recycled
2025-11-01T04:17:00Z [INFO] Health check passed
2025-11-01T04:33:00Z [INFO] Cache miss for document lookup
2025-11-01T04:40:00Z [INFO] Embedding batch completed
2025-11-01T05:03:00Z [ERROR] Index optimization triggered
2025-11-01T05:06:00Z [INFO] Database connection recycled
2025-11-01T05:08:00Z [WARN] Index optimization triggered
2025-11-01T05:39:00Z [WARN] Index optimization triggered
2025-11-01T05:41:00Z [INFO] Rate limit warning: approaching threshold
2025-11-01T05:49:00Z [WARN] Embedding batch completed
2025-11-01T05:55:00Z [INFO] Request processed successfully
2025-11-01T06:18:00Z [ERROR] Embedding batch completed
2025-11-01T06:23:00Z [WARN] Rate limit warning: approaching threshold
2025-11-01T07:10:00Z [WARN] Failed to process document: timeout
2025-11-01T07:14:00Z [INFO] Health check passed
2025-11-01T07:20:00Z [INFO] Request processed successfully
2025-11-01T07:21:00Z [INFO] Rate limit warning: approaching threshold
2025-11-01T07:47:00Z [INFO] Failed to process document: timeout
2025-11-01T08:02:00Z [ERROR] Request processed successfully
2025-11-01T08:07:00Z [INFO] Request processed successfully
2025-11-01T08:21:00Z [INFO] Index optimization triggered
2025-11-01T08:32:00Z [WARN] Health check passed
2025-11-01T08:35:00Z [INFO] Database connection recycled
2025-11-01T08:46:00Z [INFO] Failed to process document: timeout
2025-11-01T09:03:00Z [INFO] Embedding batch completed
2025-11-01T09:06:00Z [ERROR] Failed to process document: timeout
2025-11-01T09:09:00Z [INFO] Index optimization triggered
2025-11-01T09:24:00Z [ERROR] Rate limit warning: approaching threshold
2025-11-01T09:37:00Z [WARN] Rate limit warning: approaching threshold
2025-11-01T09:58:00Z [WARN] Rate limit warning: approaching threshold
2025-11-01T10:08:00Z [ERROR] Embedding batch completed
2025-11-01T10:21:00Z [INFO] Embedding batch completed
2025-11-01T10:30:00Z [INFO] Failed to process document: timeout
2025-11-01T10:38:00Z [INFO] Request processed successfully
2025-11-01T10:57:00Z [INFO] Database connection recycled
2025-11-01T10:58:00Z [WARN] Health check passed
2025-11-01T11:05:00Z [ERROR] Failed to process document: timeout
2025-11-01T11:05:00Z [INFO] Health check passed
2025-11-01T11:40:00Z [INFO] Index optimization triggered
2025-11-01T12:05:00Z [INFO] Cache miss for document lookup
2025-11-01T12:05:00Z [INFO] Index optimization triggered
2025-11-01T12:22:00Z [INFO] Request processed successfully
2025-11-01T12:23:00Z [INFO] Rate limit warning: approaching threshold
2025-11-01T12:41:00Z [INFO] Failed to process document: timeout
2025-11-01T12:43:00Z [INFO] Database connection recycled
2025-11-01T13:01:00Z [INFO] Health check passed
2025-11-01T13:03:00Z [WARN] Database connection recycled
2025-11-01T13:17:00Z [INFO] Failed to process document: timeout
2025-11-01T13:24:00Z [INFO] Failed to process document: timeout
2025-11-01T13:46:00Z [INFO] Failed to process document: timeout
2025-11-01T13:55:00Z [INFO] Failed to process document: timeout
2025-11-01T13:58:00Z [ERROR] Embedding batch completed
2025-11-01T14:20:00Z [INFO] Cache miss for document lookup
2025-11-01T14:20:00Z [WARN] Cache miss for document lookup
2025-11-01T14:34:00Z [INFO] Request processed successfully
2025-11-01T14:39:00Z [INFO] Health check passed
2025-11-01T14:51:00Z [INFO] Rate limit warning: approaching threshold
2025-11-01T15:08:00Z [WARN] Failed to process document: timeout
2025-11-01T15:20:00Z [INFO] Embedding batch completed
2025-11-01T15:21:00Z [WARN] Health check passed
2025-11-01T15:51:00Z [INFO] Request processed successfully
2025-11-01T15:55:00Z [INFO] Rate limit warning: approaching threshold
2025-11-01T16:23:00Z [INFO] Request processed successfully
2025-11-01T16:24:00Z [INFO] Failed to process document: timeout
2025-11-01T16:45:00Z [ERROR] Database connection recycled
2025-11-01T16:49:00Z [ERROR] Database connection recycled
2025-11-01T16:58:00Z [INFO] Failed to process document: timeout
2025-11-01T16:59:00Z [INFO] Embedding batch completed
2025-11-01T17:11:00Z [INFO] Health check passed
2025-11-01T17:37:00Z [INFO] Cache miss for document lookup
2025-11-01T17:46:00Z [INFO] Failed to process document: timeout
2025-11-01T18:00:00Z [INFO] Cache miss for document lookup
2025-11-01T18:08:00Z [INFO] Rate limit warning: approaching threshold
2025-11-01T18:09:00Z [ERROR] Rate limit warning: approaching threshold
2025-11-01T18:42:00Z [INFO] Failed to process document: timeout
2025-11-01T19:02:00Z [INFO] Embedding batch completed
2025-11-01T19:17:00Z [INFO] Request processed successfully
2025-11-01T19:28:00Z [WARN] Failed to process document: timeout
2025-11-01T19:46:00Z [INFO] Embedding batch completed
2025-11-01T19:48:00Z [INFO] Embedding batch completed
2025-11-01T19:54:00Z [INFO] Health check passed
2025-11-01T20:15:00Z [INFO] Failed to process document: timeout
2025-11-01T20:17:00Z [ERROR] Index optimization triggered
2025-11-01T20:31:00Z [INFO] Cache miss for document lookup
2025-11-01T20:34:00Z [ERROR] Rate limit warning: approaching threshold
2025-11-01T20:50:00Z [INFO] Health check passed
2025-11-01T21:13:00Z [WARN] Embedding batch completed
2025-11-01T21:15:00Z [INFO] Rate limit warning: approaching threshold
2025-11-01T21:16:00Z [INFO] Cache miss for document lookup
2025-11-01T21:17:00Z [INFO] Database connection recycled
2025-11-01T21:30:00Z [INFO] Embedding batch completed
2025-11-01T21:40:00Z [ERROR] Cache miss for document lookup
2025-11-01T22:03:00Z [INFO] Embedding batch completed
2025-11-01T22:12:00Z [WARN] Index optimization triggered
2025-11-01T22:15:00Z [INFO] Failed to process document: timeout
2025-11-01T22:51:00Z [INFO] Database connection recycled
2025-11-01T22:53:00Z [ERROR] Embedding batch completed
2025-11-01T22:55:00Z [INFO] Rate limit warning: approaching threshold
2025-11-01T22:58:00Z [INFO] Rate limit warning: approaching threshold
2025-11-01T23:08:00Z [ERROR] Health check passed
2025-11-01T23:08:00Z [INFO] Failed to process document: timeout
2025-11-01T23:27:00Z [INFO] Rate limit warning: approaching threshold
2025-11-01T23:44:00Z [INFO] Failed to process document: timeout
2025-11-01T23:44:00Z [INFO] Health check passed
